[debug] [2026-04-16T08:35:16.654Z] ----------------------------------------------------------------------
[debug] [2026-04-16T08:35:16.660Z] Command:       /Users/peetstander/.local/bin/firebase /Users/peetstander/.cache/firebase/tools/lib/node_modules/firebase-tools/lib/bin/firebase projects:list
[debug] [2026-04-16T08:35:16.661Z] CLI Version:   15.8.0
[debug] [2026-04-16T08:35:16.661Z] Platform:      darwin
[debug] [2026-04-16T08:35:16.661Z] Node Version:  v20.18.2
[debug] [2026-04-16T08:35:16.661Z] Time:          Thu Apr 16 2026 10:35:16 GMT+0200 (South Africa Standard Time)
[debug] [2026-04-16T08:35:16.662Z] ----------------------------------------------------------------------
[debug] 
[debug] [2026-04-16T08:35:16.666Z] >>> [apiv2][query] GET https://firebase-public.firebaseio.com/cli.json [none]
[debug] [2026-04-16T08:35:16.951Z] > command requires scopes: ["email","openid","https://www.googleapis.com/auth/cloudplatformprojects.readonly","https://www.googleapis.com/auth/firebase","https://www.googleapis.com/auth/cloud-platform"]
[debug] [2026-04-16T08:35:16.953Z] > authorizing via signed-in user (peet.stander@partnersinbiz.online)
[debug] [2026-04-16T08:35:16.956Z] Checked if tokens are valid: false, expires at: 1776171825991
[debug] [2026-04-16T08:35:16.957Z] Checked if tokens are valid: false, expires at: 1776171825991
[debug] [2026-04-16T08:35:16.958Z] > refreshing access token with scopes: []
[debug] [2026-04-16T08:35:16.962Z] >>> [apiv2][query] POST https://www.googleapis.com/oauth2/v3/token [none]
[debug] [2026-04-16T08:35:16.962Z] >>> [apiv2][body] POST https://www.googleapis.com/oauth2/v3/token [omitted]
[debug] [2026-04-16T08:35:17.499Z] <<< [apiv2][status] POST https://www.googleapis.com/oauth2/v3/token 400
[debug] [2026-04-16T08:35:17.500Z] <<< [apiv2][body] POST https://www.googleapis.com/oauth2/v3/token [omitted]
[error] Authentication Error: Your credentials are no longer valid. Please run firebase login --reauth

For CI servers and headless environments, generate a new token with firebase login:ci
[error] Authentication Error: Your credentials are no longer valid. Please run firebase login --reauth

For CI servers and headless environments, generate a new token with firebase login:ci
[debug] [2026-04-16T08:35:17.502Z] Authentication Error: Your credentials are no longer valid. Please run firebase login --reauth

For CI servers and headless environments, generate a new token with firebase login:ci
[debug] [2026-04-16T08:35:17.506Z] FirebaseError: Authentication Error: Your credentials are no longer valid. Please run firebase login --reauth

For CI servers and headless environments, generate a new token with firebase login:ci
    at invalidCredentialError (/Users/peetstander/.cache/firebase/tools/lib/node_modules/firebase-tools/lib/auth.js:177:12)
    at refreshTokens (/Users/peetstander/.cache/firebase/tools/lib/node_modules/firebase-tools/lib/auth.js:590:15)
    at process.processTicksAndRejections (node:internal/process/task_queues:95:5)
    at async getAccessToken (/Users/peetstander/.cache/firebase/tools/lib/node_modules/firebase-tools/lib/apiv2.js:49:18)
    at async Client.addAuthHeader (/Users/peetstander/.cache/firebase/tools/lib/node_modules/firebase-tools/lib/apiv2.js:179:21)
    at async Client.request (/Users/peetstander/.cache/firebase/tools/lib/node_modules/firebase-tools/lib/apiv2.js:126:34)
    at async getProjectPage (/Users/peetstander/.cache/firebase/tools/lib/node_modules/firebase-tools/lib/management/projects.js:287:17)
    at async getFirebaseProjectPage (/Users/peetstander/.cache/firebase/tools/lib/node_modules/firebase-tools/lib/management/projects.js:304:23)
    at async listFirebaseProjects (/Users/peetstander/.cache/firebase/tools/lib/node_modules/firebase-tools/lib/management/projects.js:333:29)
    at async Command.actionFn (/Users/peetstander/.cache/firebase/tools/lib/node_modules/firebase-tools/lib/commands/projects-list.js:51:20)
[error] 
[error] Error: Failed to list Firebase projects. See firebase-debug.log for more info.
[debug] [2026-04-16T08:35:17.554Z] <<< [apiv2][status] GET https://firebase-public.firebaseio.com/cli.json 200
[debug] [2026-04-16T08:35:17.555Z] <<< [apiv2][body] GET https://firebase-public.firebaseio.com/cli.json {"cloudBuildErrorAfter":1594252800000,"cloudBuildWarnAfter":1590019200000,"defaultNode10After":1594252800000,"minVersion":"3.0.5","node8DeploysDisabledAfter":1613390400000,"node8RuntimeDisabledAfter":1615809600000,"node8WarnAfter":1600128000000}
